# JRE version: OpenJDK Runtime Environment AdoptOpenJDK-11.0.11+9 (11.0.11+9) (build 11.0.11+9)
# Java VM: OpenJDK 64-Bit Server VM AdoptOpenJDK-11.0.11+9 (11.0.11+9, mixed mode, tiered, compressed oops, g1 gc, windows-amd64)
Heap:
 garbage-first heap   total 14336K, used 5403K [0x0000000081e00000, 0x0000000100000000)
  region size 1024K, 2 young (2048K), 1 survivors (1024K)
 Metaspace       used 20762K, capacity 21523K, committed 21632K, reserved 1069056K
  class space    used 2080K, capacity 2389K, committed 2432K, reserved 1048576K
GC Heap History (20 events):
Event: 77.198 GC heap after
{Heap after GC invocations=23 (full 2):
 garbage-first heap   total 14336K, used 5413K [0x0000000081e00000, 0x0000000100000000)
  region size 1024K, 1 young (1024K), 1 survivors (1024K)
 Metaspace       used 20760K, capacity 21523K, committed 21632K, reserved 1069056K
  class space    used 2080K, capacity 2389K, committed 2432K, reserved 1048576K
}
Event: 77.410 GC heap before
{Heap before GC invocations=23 (full 2):
 garbage-first heap   total 14336K, used 9509K [0x0000000081e00000, 0x0000000100000000)
  region size 1024K, 5 young (5120K), 1 survivors (1024K)
 Metaspace       used 20760K, capacity 21523K, committed 21632K, reserved 1069056K
  class space    used 2080K, capacity 2389K, committed 2432K, reserved 1048576K
}
Event: 77.411 GC heap after
{Heap after GC invocations=24 (full 2):
 garbage-first heap   total 14336K, used 5403K [0x0000000081e00000, 0x0000000100000000)
  region size 1024K, 1 young (1024K), 1 survivors (1024K)
 Metaspace       used 20760K, capacity 21523K, committed 21632K, reserved 1069056K
  class space    used 2080K, capacity 2389K, committed 2432K, reserved 1048576K
}
Event: 77.594 GC heap before
{Heap before GC invocations=24 (full 2):
 garbage-first heap   total 14336K, used 9499K [0x0000000081e00000, 0x0000000100000000)
  region size 1024K, 5 young (5120K), 1 survivors (1024K)
 Metaspace       used 20760K, capacity 21523K, committed 21632K, reserved 1069056K
  class space    used 2080K, capacity 2389K, committed 2432K, reserved 1048576K
}
Event: 77.595 GC heap after
{Heap after GC invocations=25 (full 2):
 garbage-first heap   total 14336K, used 5796K [0x0000000081e00000, 0x0000000100000000)
  region size 1024K, 1 young (1024K), 1 survivors (1024K)
 Metaspace       used 20760K, capacity 21523K, committed 21632K, reserved 1069056K
  class space    used 2080K, capacity 2389K, committed 2432K, reserved 1048576K
}
Event: 98.414 GC heap before
{Heap before GC invocations=25 (full 2):
 garbage-first heap   total 14336K, used 9892K [0x0000000081e00000, 0x0000000100000000)
  region size 1024K, 5 young (5120K), 1 survivors (1024K)
 Metaspace       used 20760K, capacity 21523K, committed 21632K, reserved 1069056K
  class space    used 2080K, capacity 2389K, committed 2432K, reserved 1048576K
}
Event: 98.415 GC heap after
{Heap after GC invocations=26 (full 2):
 garbage-first heap   total 14336K, used 5398K [0x0000000081e00000, 0x0000000100000000)
  region size 1024K, 1 young (1024K), 1 survivors (1024K)
 Metaspace       used 20760K, capacity 21523K, committed 21632K, reserved 1069056K
  class space    used 2080K, capacity 2389K, committed 2432K, reserved 1048576K
}
Event: 98.725 GC heap before
{Heap before GC invocations=26 (full 2):
 garbage-first heap   total 14336K, used 9494K [0x0000000081e00000, 0x0000000100000000)
  region size 1024K, 5 young (5120K), 1 survivors (1024K)
 Metaspace       used 20760K, capacity 21523K, committed 21632K, reserved 1069056K
  class space    used 2080K, capacity 2389K, committed 2432K, reserved 1048576K
}
Event: 98.726 GC heap after
{Heap after GC invocations=27 (full 2):
 garbage-first heap   total 14336K, used 5394K [0x0000000081e00000, 0x0000000100000000)
  region size 1024K, 1 young (1024K), 1 survivors (1024K)
 Metaspace       used 20760K, capacity 21523K, committed 21632K, reserved 1069056K
  class space    used 2080K, capacity 2389K, committed 2432K, reserved 1048576K
}
Event: 99.056 GC heap before
{Heap before GC invocations=27 (full 2):
 garbage-first heap   total 14336K, used 9490K [0x0000000081e00000, 0x0000000100000000)
  region size 1024K, 5 young (5120K), 1 survivors (1024K)
 Metaspace       used 20760K, capacity 21523K, committed 21632K, reserved 1069056K
  class space    used 2080K, capacity 2389K, committed 2432K, reserved 1048576K
}
Event: 99.057 GC heap after
{Heap after GC invocations=28 (full 2):
 garbage-first heap   total 14336K, used 5439K [0x0000000081e00000, 0x0000000100000000)
  region size 1024K, 1 young (1024K), 1 survivors (1024K)
 Metaspace       used 20760K, capacity 21523K, committed 21632K, reserved 1069056K
  class space    used 2080K, capacity 2389K, committed 2432K, reserved 1048576K
}
Event: 134.753 GC heap before
{Heap before GC invocations=28 (full 2):
 garbage-first heap   total 14336K, used 9535K [0x0000000081e00000, 0x0000000100000000)
  region size 1024K, 5 young (5120K), 1 survivors (1024K)
 Metaspace       used 20760K, capacity 21523K, committed 21632K, reserved 1069056K
  class space    used 2080K, capacity 2389K, committed 2432K, reserved 1048576K
}
Event: 134.754 GC heap after
{Heap after GC invocations=29 (full 2):
 garbage-first heap   total 14336K, used 5387K [0x0000000081e00000, 0x0000000100000000)
  region size 1024K, 1 young (1024K), 1 survivors (1024K)
 Metaspace       used 20760K, capacity 21523K, committed 21632K, reserved 1069056K
  class space    used 2080K, capacity 2389K, committed 2432K, reserved 1048576K
}
Event: 135.031 GC heap before
{Heap before GC invocations=29 (full 2):
 garbage-first heap   total 14336K, used 9483K [0x0000000081e00000, 0x0000000100000000)
  region size 1024K, 5 young (5120K), 1 survivors (1024K)
 Metaspace       used 20760K, capacity 21523K, committed 21632K, reserved 1069056K
  class space    used 2080K, capacity 2389K, committed 2432K, reserved 1048576K
}
Event: 135.031 GC heap after
{Heap after GC invocations=30 (full 2):
 garbage-first heap   total 14336K, used 5568K [0x0000000081e00000, 0x0000000100000000)
  region size 1024K, 1 young (1024K), 1 survivors (1024K)
 Metaspace       used 20760K, capacity 21523K, committed 21632K, reserved 1069056K
  class space    used 2080K, capacity 2389K, committed 2432K, reserved 1048576K
}
Event: 135.206 GC heap before
{Heap before GC invocations=30 (full 2):
 garbage-first heap   total 14336K, used 9664K [0x0000000081e00000, 0x0000000100000000)
  region size 1024K, 5 young (5120K), 1 survivors (1024K)
 Metaspace       used 20760K, capacity 21523K, committed 21632K, reserved 1069056K
  class space    used 2080K, capacity 2389K, committed 2432K, reserved 1048576K
}
Event: 135.208 GC heap after
{Heap after GC invocations=31 (full 2):
 garbage-first heap   total 14336K, used 5808K [0x0000000081e00000, 0x0000000100000000)
  region size 1024K, 1 young (1024K), 1 survivors (1024K)
 Metaspace       used 20760K, capacity 21523K, committed 21632K, reserved 1069056K
  class space    used 2080K, capacity 2389K, committed 2432K, reserved 1048576K
}
Event: 135.369 GC heap before
{Heap before GC invocations=31 (full 2):
 garbage-first heap   total 14336K, used 9904K [0x0000000081e00000, 0x0000000100000000)
  region size 1024K, 5 young (5120K), 1 survivors (1024K)
 Metaspace       used 20760K, capacity 21523K, committed 21632K, reserved 1069056K
  class space    used 2080K, capacity 2389K, committed 2432K, reserved 1048576K
}
Event: 135.370 GC heap after
{Heap after GC invocations=32 (full 2):
 garbage-first heap   total 14336K, used 5473K [0x0000000081e00000, 0x0000000100000000)
  region size 1024K, 1 young (1024K), 1 survivors (1024K)
 Metaspace       used 20760K, capacity 21523K, committed 21632K, reserved 1069056K
  class space    used 2080K, capacity 2389K, committed 2432K, reserved 1048576K
}
Event: 187.265 GC heap before
{Heap before GC invocations=32 (full 2):
 garbage-first heap   total 14336K, used 9569K [0x0000000081e00000, 0x0000000100000000)
  region size 1024K, 5 young (5120K), 1 survivors (1024K)
 Metaspace       used 20762K, capacity 21523K, committed 21632K, reserved 1069056K
  class space    used 2080K, capacity 2389K, committed 2432K, reserved 1048576K
}

